<?xml version="1.0" encoding="UTF-8" ?>
<testsuite tests="2" failures="2" name="tk.mybatis.simple.mapper.CacheTest" time="0.422" errors="0" skipped="0">
  <properties>
    <property name="idea.version" value="2020.3"/>
    <property name="java.runtime.name" value="Java(TM) SE Runtime Environment"/>
    <property name="sun.boot.library.path" value="C:\Program Files\Java8\jdk1.8.0_152\jre\bin"/>
    <property name="java.vm.version" value="25.152-b16"/>
    <property name="java.vm.vendor" value="Oracle Corporation"/>
    <property name="maven.multiModuleProjectDirectory" value="D:\IDeaworkspace\mybatisIndoors\MyBatisIndoor\simple"/>
    <property name="java.vendor.url" value="http://java.oracle.com/"/>
    <property name="path.separator" value=";"/>
    <property name="guice.disable.misplaced.annotation.check" value="true"/>
    <property name="java.vm.name" value="Java HotSpot(TM) 64-Bit Server VM"/>
    <property name="file.encoding.pkg" value="sun.io"/>
    <property name="user.script" value=""/>
    <property name="user.country" value="CN"/>
    <property name="sun.java.launcher" value="SUN_STANDARD"/>
    <property name="sun.os.patch.level" value=""/>
    <property name="java.vm.specification.name" value="Java Virtual Machine Specification"/>
    <property name="user.dir" value="D:\IDeaworkspace\mybatisIndoors\MyBatisIndoor\simple"/>
    <property name="java.runtime.version" value="1.8.0_152-b16"/>
    <property name="java.awt.graphicsenv" value="sun.awt.Win32GraphicsEnvironment"/>
    <property name="java.endorsed.dirs" value="C:\Program Files\Java8\jdk1.8.0_152\jre\lib\endorsed"/>
    <property name="os.arch" value="amd64"/>
    <property name="java.io.tmpdir" value="C:\Users\asus\AppData\Local\Temp\"/>
    <property name="line.separator" value="
"/>
    <property name="java.vm.specification.vendor" value="Oracle Corporation"/>
    <property name="user.variant" value=""/>
    <property name="os.name" value="Windows 10"/>
    <property name="maven.ext.class.path" value="D:\IIDEA\IntelliJ IDEA 2020.3\plugins\maven\lib\maven-event-listener.jar"/>
    <property name="classworlds.conf" value="D:\iMaven\apache-maven-3.6.3\bin\m2.conf"/>
    <property name="sun.jnu.encoding" value="GBK"/>
    <property name="java.library.path" value="C:\Program Files\Java8\jdk1.8.0_152\bin;C:\WINDOWS\Sun\Java\bin;C:\WINDOWS\system32;C:\WINDOWS;E:\VMare\VMareWork\bin\;C:\Program Files\Java8\jdk1.8.0_152\bin;C:\Program Files\Java8\jdk1.8.0_152\jre\bin;C:\WINDOWS\system32;C:\WINDOWS;C:\WINDOWS\System32\Wbem;C:\WINDOWS\System32\WindowsPowerShell\v1.0\;C:\WINDOWS\System32\OpenSSH\;E:\PuTTY\;E:\Git\cmd;D:\iMaven\apache-maven-3.6.3\bin;D:\Microsoft VS Code\bin;C:\masmCom;D:\nodeAndnvm\nvm;D:\nodeAndnvm\nodejs;E:\redis5;E:\Anaconda3;E:\Anaconda3\Scripts;E:\Anaconda3\Library\bin;D:\python\Scripts\;D:\python\;C:\Users\asus\AppData\Local\Microsoft\WindowsApps;D:\machinevision\opencv\build\x64\vc15\bin;E:\pycharm\PyCharm 2020.1.1\bin;;C:\masm32\bin;C:\Users\asus\AppData\Roaming\npm;C:\Program Files\MySQL\MySQL Server 5.5\bin;D:\Program Files\MongoDB\Server\3.2\bin;D:\nodeAndnvm\nvm;D:\nodeAndnvm\nodejs;E:\redis5;;."/>
    <property name="maven.conf" value="D:\iMaven\apache-maven-3.6.3/conf"/>
    <property name="java.specification.name" value="Java Platform API Specification"/>
    <property name="java.class.version" value="52.0"/>
    <property name="sun.management.compiler" value="HotSpot 64-Bit Tiered Compilers"/>
    <property name="maven.repo.local" value="D:\iMaven\repository-LearnSB"/>
    <property name="os.version" value="10.0"/>
    <property name="user.home" value="C:\Users\asus"/>
    <property name="user.timezone" value="Asia/Shanghai"/>
    <property name="java.awt.printerjob" value="sun.awt.windows.WPrinterJob"/>
    <property name="java.specification.version" value="1.8"/>
    <property name="file.encoding" value="UTF-8"/>
    <property name="user.name" value="asus"/>
    <property name="java.class.path" value="D:\iMaven\apache-maven-3.6.3\boot\plexus-classworlds-2.6.0.jar;D:\iMaven\apache-maven-3.6.3\boot\plexus-classworlds.license;D:\IIDEA\IntelliJ IDEA 2020.3\lib\idea_rt.jar"/>
    <property name="java.vm.specification.version" value="1.8"/>
    <property name="sun.arch.data.model" value="64"/>
    <property name="java.home" value="C:\Program Files\Java8\jdk1.8.0_152\jre"/>
    <property name="sun.java.command" value="org.codehaus.classworlds.Launcher -Didea.version=2020.3 -Dmaven.repo.local=D:\iMaven\repository-LearnSB package -P jdk-8,!jdk-10.0"/>
    <property name="java.specification.vendor" value="Oracle Corporation"/>
    <property name="user.language" value="zh"/>
    <property name="awt.toolkit" value="sun.awt.windows.WToolkit"/>
    <property name="java.vm.info" value="mixed mode"/>
    <property name="java.version" value="1.8.0_152"/>
    <property name="java.ext.dirs" value="C:\Program Files\Java8\jdk1.8.0_152\jre\lib\ext;C:\WINDOWS\Sun\Java\lib\ext"/>
    <property name="sun.boot.class.path" value="C:\Program Files\Java8\jdk1.8.0_152\jre\lib\resources.jar;C:\Program Files\Java8\jdk1.8.0_152\jre\lib\rt.jar;C:\Program Files\Java8\jdk1.8.0_152\jre\lib\sunrsasign.jar;C:\Program Files\Java8\jdk1.8.0_152\jre\lib\jsse.jar;C:\Program Files\Java8\jdk1.8.0_152\jre\lib\jce.jar;C:\Program Files\Java8\jdk1.8.0_152\jre\lib\charsets.jar;C:\Program Files\Java8\jdk1.8.0_152\jre\lib\jfr.jar;C:\Program Files\Java8\jdk1.8.0_152\jre\classes"/>
    <property name="java.vendor" value="Oracle Corporation"/>
    <property name="maven.home" value="D:\iMaven\apache-maven-3.6.3"/>
    <property name="file.separator" value="\"/>
    <property name="java.vendor.url.bug" value="http://bugreport.sun.com/bugreport/"/>
    <property name="sun.cpu.endian" value="little"/>
    <property name="sun.io.unicode.encoding" value="UnicodeLittle"/>
    <property name="sun.desktop" value="windows"/>
    <property name="sun.cpu.isalist" value="amd64"/>
  </properties>
  <testcase classname="tk.mybatis.simple.mapper.CacheTest" name="testL2Cache" time="0.078">
    <failure message="expected: tk.mybatis.simple.model.SysRole&lt;SysRole{id=1, roleName=&apos;New Name&apos;, enabled=enabled, createBy=1, createTime=Fri Apr 01 17:02:14 CST 2016}&gt; but was: tk.mybatis.simple.model.SysRole&lt;SysRole{id=1, roleName=&apos;New Name&apos;, enabled=enabled, createBy=1, createTime=Fri Apr 01 17:02:14 CST 2016}&gt;" type="java.lang.AssertionError">java.lang.AssertionError: expected: tk.mybatis.simple.model.SysRole&lt;SysRole{id=1, roleName=&apos;New Name&apos;, enabled=enabled, createBy=1, createTime=Fri Apr 01 17:02:14 CST 2016}&gt; but was: tk.mybatis.simple.model.SysRole&lt;SysRole{id=1, roleName=&apos;New Name&apos;, enabled=enabled, createBy=1, createTime=Fri Apr 01 17:02:14 CST 2016}&gt;
	at org.junit.Assert.fail(Assert.java:88)
	at org.junit.Assert.failNotEquals(Assert.java:834)
	at org.junit.Assert.assertEquals(Assert.java:118)
	at org.junit.Assert.assertEquals(Assert.java:144)
	at tk.mybatis.simple.mapper.CacheTest.testL2Cache(CacheTest.java:82)
	at sun.reflect.NativeMethodAccessorImpl.invoke0(Native Method)
	at sun.reflect.NativeMethodAccessorImpl.invoke(NativeMethodAccessorImpl.java:62)
	at sun.reflect.DelegatingMethodAccessorImpl.invoke(DelegatingMethodAccessorImpl.java:43)
	at java.lang.reflect.Method.invoke(Method.java:498)
	at org.junit.runners.model.FrameworkMethod$1.runReflectiveCall(FrameworkMethod.java:50)
	at org.junit.internal.runners.model.ReflectiveCallable.run(ReflectiveCallable.java:12)
	at org.junit.runners.model.FrameworkMethod.invokeExplosively(FrameworkMethod.java:47)
	at org.junit.internal.runners.statements.InvokeMethod.evaluate(InvokeMethod.java:17)
	at org.junit.runners.ParentRunner.runLeaf(ParentRunner.java:325)
	at org.junit.runners.BlockJUnit4ClassRunner.runChild(BlockJUnit4ClassRunner.java:78)
	at org.junit.runners.BlockJUnit4ClassRunner.runChild(BlockJUnit4ClassRunner.java:57)
	at org.junit.runners.ParentRunner$3.run(ParentRunner.java:290)
	at org.junit.runners.ParentRunner$1.schedule(ParentRunner.java:71)
	at org.junit.runners.ParentRunner.runChildren(ParentRunner.java:288)
	at org.junit.runners.ParentRunner.access$000(ParentRunner.java:58)
	at org.junit.runners.ParentRunner$2.evaluate(ParentRunner.java:268)
	at org.junit.internal.runners.statements.RunBefores.evaluate(RunBefores.java:26)
	at org.junit.runners.ParentRunner.run(ParentRunner.java:363)
	at org.apache.maven.surefire.junit4.JUnit4Provider.execute(JUnit4Provider.java:252)
	at org.apache.maven.surefire.junit4.JUnit4Provider.executeTestSet(JUnit4Provider.java:141)
	at org.apache.maven.surefire.junit4.JUnit4Provider.invoke(JUnit4Provider.java:112)
	at sun.reflect.NativeMethodAccessorImpl.invoke0(Native Method)
	at sun.reflect.NativeMethodAccessorImpl.invoke(NativeMethodAccessorImpl.java:62)
	at sun.reflect.DelegatingMethodAccessorImpl.invoke(DelegatingMethodAccessorImpl.java:43)
	at java.lang.reflect.Method.invoke(Method.java:498)
	at org.apache.maven.surefire.util.ReflectionUtils.invokeMethodWithArray(ReflectionUtils.java:189)
	at org.apache.maven.surefire.booter.ProviderFactory$ProviderProxy.invoke(ProviderFactory.java:165)
	at org.apache.maven.surefire.booter.ProviderFactory.invokeProvider(ProviderFactory.java:85)
	at org.apache.maven.surefire.booter.ForkedBooter.runSuitesInProcess(ForkedBooter.java:115)
	at org.apache.maven.surefire.booter.ForkedBooter.main(ForkedBooter.java:75)
</failure>
    <system-out>DEBUG [main] - Cache Hit Ratio [tk.mybatis.simple.mapper.RoleMapper]: 1.0
DEBUG [main] - Cache Hit Ratio [tk.mybatis.simple.mapper.RoleMapper]: 1.0
</system-out>
  </testcase>
  <testcase classname="tk.mybatis.simple.mapper.CacheTest" name="test1Cache" time="0.344">
    <failure message="Values should be different. Actual: New Name" type="java.lang.AssertionError">java.lang.AssertionError: Values should be different. Actual: New Name
	at org.junit.Assert.fail(Assert.java:88)
	at org.junit.Assert.failEquals(Assert.java:185)
	at org.junit.Assert.assertNotEquals(Assert.java:161)
	at org.junit.Assert.assertNotEquals(Assert.java:175)
	at tk.mybatis.simple.mapper.CacheTest.test1Cache(CacheTest.java:49)
	at sun.reflect.NativeMethodAccessorImpl.invoke0(Native Method)
	at sun.reflect.NativeMethodAccessorImpl.invoke(NativeMethodAccessorImpl.java:62)
	at sun.reflect.DelegatingMethodAccessorImpl.invoke(DelegatingMethodAccessorImpl.java:43)
	at java.lang.reflect.Method.invoke(Method.java:498)
	at org.junit.runners.model.FrameworkMethod$1.runReflectiveCall(FrameworkMethod.java:50)
	at org.junit.internal.runners.model.ReflectiveCallable.run(ReflectiveCallable.java:12)
	at org.junit.runners.model.FrameworkMethod.invokeExplosively(FrameworkMethod.java:47)
	at org.junit.internal.runners.statements.InvokeMethod.evaluate(InvokeMethod.java:17)
	at org.junit.runners.ParentRunner.runLeaf(ParentRunner.java:325)
	at org.junit.runners.BlockJUnit4ClassRunner.runChild(BlockJUnit4ClassRunner.java:78)
	at org.junit.runners.BlockJUnit4ClassRunner.runChild(BlockJUnit4ClassRunner.java:57)
	at org.junit.runners.ParentRunner$3.run(ParentRunner.java:290)
	at org.junit.runners.ParentRunner$1.schedule(ParentRunner.java:71)
	at org.junit.runners.ParentRunner.runChildren(ParentRunner.java:288)
	at org.junit.runners.ParentRunner.access$000(ParentRunner.java:58)
	at org.junit.runners.ParentRunner$2.evaluate(ParentRunner.java:268)
	at org.junit.internal.runners.statements.RunBefores.evaluate(RunBefores.java:26)
	at org.junit.runners.ParentRunner.run(ParentRunner.java:363)
	at org.apache.maven.surefire.junit4.JUnit4Provider.execute(JUnit4Provider.java:252)
	at org.apache.maven.surefire.junit4.JUnit4Provider.executeTestSet(JUnit4Provider.java:141)
	at org.apache.maven.surefire.junit4.JUnit4Provider.invoke(JUnit4Provider.java:112)
	at sun.reflect.NativeMethodAccessorImpl.invoke0(Native Method)
	at sun.reflect.NativeMethodAccessorImpl.invoke(NativeMethodAccessorImpl.java:62)
	at sun.reflect.DelegatingMethodAccessorImpl.invoke(DelegatingMethodAccessorImpl.java:43)
	at java.lang.reflect.Method.invoke(Method.java:498)
	at org.apache.maven.surefire.util.ReflectionUtils.invokeMethodWithArray(ReflectionUtils.java:189)
	at org.apache.maven.surefire.booter.ProviderFactory$ProviderProxy.invoke(ProviderFactory.java:165)
	at org.apache.maven.surefire.booter.ProviderFactory.invokeProvider(ProviderFactory.java:85)
	at org.apache.maven.surefire.booter.ForkedBooter.runSuitesInProcess(ForkedBooter.java:115)
	at org.apache.maven.surefire.booter.ForkedBooter.main(ForkedBooter.java:75)
</failure>
    <system-out>DEBUG [main] - Cache Hit Ratio [tk.mybatis.simple.mapper.UserMapper]: 0.0
DEBUG [main] - ==&gt;  Preparing: select * from sys_user where id = ? 
DEBUG [main] - ==&gt; Parameters: 1(Long)
TRACE [main] - &lt;==    Columns: id, user_name, user_password, user_email, user_info, head_img, create_time
TRACE [main] - &lt;==        Row: 1, admin, 123456, admin@mybatis.tk, &lt;&lt;BLOB&gt;&gt;, &lt;&lt;BLOB&gt;&gt;, 2016-06-07 01:11:12.0
DEBUG [main] - &lt;==      Total: 1
DEBUG [main] - Cache Hit Ratio [tk.mybatis.simple.mapper.UserMapper]: 0.0
�����µ�sqlSession
DEBUG [main] - Cache Hit Ratio [tk.mybatis.simple.mapper.UserMapper]: 0.3333333333333333
</system-out>
  </testcase>
</testsuite>