<?xml version="1.0" encoding="UTF-8" ?>
<testsuite tests="24" failures="0" name="tk.mybatis.simple.mapper.UserMapperTest" time="1.817" errors="1" skipped="0">
  <properties>
[...]
</properties>
  <testcase classname="tk.mybatis.simple.mapper.UserMapperTest" name="testSelectUserAndRoleByIdSelect" time="0.011"/>
  <testcase classname="tk.mybatis.simple.mapper.UserMapperTest" name="testUpdateByMap" time="0.103"/>
  <testcase classname="tk.mybatis.simple.mapper.UserMapperTest" name="testSelectAll" time="0.005"/>
  <testcase classname="tk.mybatis.simple.mapper.UserMapperTest" name="testSelectRolesByUser" time="0.153"/>
  <testcase classname="tk.mybatis.simple.mapper.UserMapperTest" name="testSelectUserById" time="0.575"/>
  <testcase classname="tk.mybatis.simple.mapper.UserMapperTest" name="testSelectRolesByUserIdAndRoleEnabled" time="0.006"/>
  <testcase classname="tk.mybatis.simple.mapper.UserMapperTest" name="testInsertUserAndRoles" time="0.362"/>
  <testcase classname="tk.mybatis.simple.mapper.UserMapperTest" name="testInsertList" time="0.049"/>
  <testcase classname="tk.mybatis.simple.mapper.UserMapperTest" name="testSelectAllUserAndRolesSelect" time="0.011">
    <error message="Error serializing object.  Cause: java.io.NotSerializableException: tk.mybatis.simple.model.SysPrivilege" type="org.apache.ibatis.cache.CacheException">org.apache.ibatis.cache.CacheException: Error serializing object.  Cause: java.io.NotSerializableException: tk.mybatis.simple.model.SysPrivilege
	at org.apache.ibatis.cache.decorators.SerializedCache.serialize(SerializedCache.java:102)
	at org.apache.ibatis.cache.decorators.SerializedCache.putObject(SerializedCache.java:56)
	at org.apache.ibatis.cache.decorators.LoggingCache.putObject(LoggingCache.java:51)
	at org.apache.ibatis.cache.decorators.SynchronizedCache.putObject(SynchronizedCache.java:45)
	at org.apache.ibatis.cache.decorators.TransactionalCache.flushPendingEntries(TransactionalCache.java:122)
	at org.apache.ibatis.cache.decorators.TransactionalCache.commit(TransactionalCache.java:105)
	at org.apache.ibatis.cache.TransactionalCacheManager.commit(TransactionalCacheManager.java:44)
	at org.apache.ibatis.executor.CachingExecutor.close(CachingExecutor.java:61)
	at org.apache.ibatis.session.defaults.DefaultSqlSession.close(DefaultSqlSession.java:264)
	at tk.mybatis.simple.mapper.UserMapperTest.testSelectAllUserAndRolesSelect(UserMapperTest.java:560)
	at sun.reflect.NativeMethodAccessorImpl.invoke0(Native Method)
	at sun.reflect.NativeMethodAccessorImpl.invoke(NativeMethodAccessorImpl.java:62)
	at sun.reflect.DelegatingMethodAccessorImpl.invoke(DelegatingMethodAccessorImpl.java:43)
	at java.lang.reflect.Method.invoke(Method.java:498)
	at org.junit.runners.model.FrameworkMethod$1.runReflectiveCall(FrameworkMethod.java:50)
	at org.junit.internal.runners.model.ReflectiveCallable.run(ReflectiveCallable.java:12)
	at org.junit.runners.model.FrameworkMethod.invokeExplosively(FrameworkMethod.java:47)
	at org.junit.internal.runners.statements.InvokeMethod.evaluate(InvokeMethod.java:17)
	at org.junit.runners.ParentRunner.runLeaf(ParentRunner.java:325)
	at org.junit.runners.BlockJUnit4ClassRunner.runChild(BlockJUnit4ClassRunner.java:78)
	at org.junit.runners.BlockJUnit4ClassRunner.runChild(BlockJUnit4ClassRunner.java:57)
	at org.junit.runners.ParentRunner$3.run(ParentRunner.java:290)
	at org.junit.runners.ParentRunner$1.schedule(ParentRunner.java:71)
	at org.junit.runners.ParentRunner.runChildren(ParentRunner.java:288)
	at org.junit.runners.ParentRunner.access$000(ParentRunner.java:58)
	at org.junit.runners.ParentRunner$2.evaluate(ParentRunner.java:268)
	at org.junit.internal.runners.statements.RunBefores.evaluate(RunBefores.java:26)
	at org.junit.runners.ParentRunner.run(ParentRunner.java:363)
	at org.apache.maven.surefire.junit4.JUnit4Provider.execute(JUnit4Provider.java:252)
	at org.apache.maven.surefire.junit4.JUnit4Provider.executeTestSet(JUnit4Provider.java:141)
	at org.apache.maven.surefire.junit4.JUnit4Provider.invoke(JUnit4Provider.java:112)
	at sun.reflect.NativeMethodAccessorImpl.invoke0(Native Method)
	at sun.reflect.NativeMethodAccessorImpl.invoke(NativeMethodAccessorImpl.java:62)
	at sun.reflect.DelegatingMethodAccessorImpl.invoke(DelegatingMethodAccessorImpl.java:43)
	at java.lang.reflect.Method.invoke(Method.java:498)
	at org.apache.maven.surefire.util.ReflectionUtils.invokeMethodWithArray(ReflectionUtils.java:189)
	at org.apache.maven.surefire.booter.ProviderFactory$ProviderProxy.invoke(ProviderFactory.java:165)
	at org.apache.maven.surefire.booter.ProviderFactory.invokeProvider(ProviderFactory.java:85)
	at org.apache.maven.surefire.booter.ForkedBooter.runSuitesInProcess(ForkedBooter.java:115)
	at org.apache.maven.surefire.booter.ForkedBooter.main(ForkedBooter.java:75)
Caused by: java.io.NotSerializableException: tk.mybatis.simple.model.SysPrivilege
	at java.io.ObjectOutputStream.writeObject0(ObjectOutputStream.java:1184)
	at java.io.ObjectOutputStream.writeObject(ObjectOutputStream.java:348)
	at java.util.ArrayList.writeObject(ArrayList.java:766)
	at sun.reflect.NativeMethodAccessorImpl.invoke0(Native Method)
	at sun.reflect.NativeMethodAccessorImpl.invoke(NativeMethodAccessorImpl.java:62)
	at sun.reflect.DelegatingMethodAccessorImpl.invoke(DelegatingMethodAccessorImpl.java:43)
	at java.lang.reflect.Method.invoke(Method.java:498)
	at java.io.ObjectStreamClass.invokeWriteObject(ObjectStreamClass.java:1128)
	at java.io.ObjectOutputStream.writeSerialData(ObjectOutputStream.java:1496)
	at java.io.ObjectOutputStream.writeOrdinaryObject(ObjectOutputStream.java:1432)
	at java.io.ObjectOutputStream.writeObject0(ObjectOutputStream.java:1178)
	at java.io.ObjectOutputStream.defaultWriteFields(ObjectOutputStream.java:1548)
	at java.io.ObjectOutputStream.writeSerialData(ObjectOutputStream.java:1509)
	at java.io.ObjectOutputStream.writeOrdinaryObject(ObjectOutputStream.java:1432)
	at java.io.ObjectOutputStream.writeObject0(ObjectOutputStream.java:1178)
	at java.io.ObjectOutputStream.writeObject(ObjectOutputStream.java:348)
	at java.util.ArrayList.writeObject(ArrayList.java:766)
	at sun.reflect.NativeMethodAccessorImpl.invoke0(Native Method)
	at sun.reflect.NativeMethodAccessorImpl.invoke(NativeMethodAccessorImpl.java:62)
	at sun.reflect.DelegatingMethodAccessorImpl.invoke(DelegatingMethodAccessorImpl.java:43)
	at java.lang.reflect.Method.invoke(Method.java:498)
	at java.io.ObjectStreamClass.invokeWriteObject(ObjectStreamClass.java:1128)
	at java.io.ObjectOutputStream.writeSerialData(ObjectOutputStream.java:1496)
	at java.io.ObjectOutputStream.writeOrdinaryObject(ObjectOutputStream.java:1432)
	at java.io.ObjectOutputStream.writeObject0(ObjectOutputStream.java:1178)
	at java.io.ObjectOutputStream.writeObject(ObjectOutputStream.java:348)
	at org.apache.ibatis.cache.decorators.SerializedCache.serialize(SerializedCache.java:97)
	... 39 more
</error>
    <system-out>DEBUG [main] - ==&gt;  Preparing: select u.id, u.user_name, u.user_password, u.user_email, u.user_info, u.head_img, u.create_time from sys_user u where u.id = ? 
DEBUG [main] - ==&gt; Parameters: 1(Long)
TRACE [main] - &lt;==    Columns: id, user_name, user_password, user_email, user_info, head_img, create_time
TRACE [main] - &lt;==        Row: 1, admin, 123456, admin@mybatis.tk, &lt;&lt;BLOB&gt;&gt;, &lt;&lt;BLOB&gt;&gt;, 2016-06-07 01:11:12.0
DEBUG [main] - &lt;==      Total: 1
�û�����admin
DEBUG [main] - Cache Hit Ratio [tk.mybatis.simple.mapper.RoleMapper]: 0.0
DEBUG [main] - ==&gt;  Preparing: select r.id, r.role_name, r.enabled, r.create_by, r.create_time from sys_role r inner join sys_user_role ur on ur.role_id = r.id where ur.user_id = ? 
DEBUG [main] - ==&gt; Parameters: 1(Long)
TRACE [main] - &lt;==    Columns: id, role_name, enabled, create_by, create_time
TRACE [main] - &lt;==        Row: 1, ����Ա, 1, 1, 2016-04-01 17:02:14.0
TRACE [main] - &lt;==        Row: 2, ��ͨ�û�, 1, 1, 2016-04-01 17:02:34.0
DEBUG [main] - &lt;==      Total: 2
��ɫ��������Ա
DEBUG [main] - ==&gt;  Preparing: select p.* from sys_privilege p inner join sys_role_privilege rp on rp.privilege_id = p.id where role_id = ? 
DEBUG [main] - ==&gt; Parameters: 1(Long)
TRACE [main] - &lt;==    Columns: id, privilege_name, privilege_url
TRACE [main] - &lt;==        Row: 1, �û�����, /users
TRACE [main] - &lt;==        Row: 2, ��ɫ����, /roles
TRACE [main] - &lt;==        Row: 3, ϵͳ��־, /logs
DEBUG [main] - &lt;==      Total: 3
Ȩ�������û�����
Ȩ��������ɫ����
Ȩ������ϵͳ��־
��ɫ������ͨ�û�
DEBUG [main] - ==&gt;  Preparing: select p.* from sys_privilege p inner join sys_role_privilege rp on rp.privilege_id = p.id where role_id = ? 
DEBUG [main] - ==&gt; Parameters: 2(Long)
TRACE [main] - &lt;==    Columns: id, privilege_name, privilege_url
TRACE [main] - &lt;==        Row: 4, ��Աά��, /persons
TRACE [main] - &lt;==        Row: 5, ��λά��, /companies
DEBUG [main] - &lt;==      Total: 2
Ȩ��������Աά��
Ȩ��������λά��
</system-out>
  </testcase>
  <testcase classname="tk.mybatis.simple.mapper.UserMapperTest" name="testInsert2Selective" time="0.036"/>
  <testcase classname="tk.mybatis.simple.mapper.UserMapperTest" name="testSelectAllUserAndRoles" time="0.009"/>
  <testcase classname="tk.mybatis.simple.mapper.UserMapperTest" name="testSelectByIdList" time="0.02"/>
  <testcase classname="tk.mybatis.simple.mapper.UserMapperTest" name="testSelectByIdOrUserName" time="0.008"/>
  <testcase classname="tk.mybatis.simple.mapper.UserMapperTest" name="selectRolesByUserAndRole" time="0.005"/>
  <testcase classname="tk.mybatis.simple.mapper.UserMapperTest" name="testDeleteById" time="0.046"/>
  <testcase classname="tk.mybatis.simple.mapper.UserMapperTest" name="testSelectUserAndRoleById" time="0.005"/>
  <testcase classname="tk.mybatis.simple.mapper.UserMapperTest" name="testSelectUserAndRoleById2" time="0.005"/>
  <testcase classname="tk.mybatis.simple.mapper.UserMapperTest" name="testInsert" time="0.101"/>
  <testcase classname="tk.mybatis.simple.mapper.UserMapperTest" name="testInsert2" time="0.077"/>
  <testcase classname="tk.mybatis.simple.mapper.UserMapperTest" name="testInsert3" time="0.078"/>
  <testcase classname="tk.mybatis.simple.mapper.UserMapperTest" name="testUpdate" time="0.078"/>
  <testcase classname="tk.mybatis.simple.mapper.UserMapperTest" name="testSelectById" time="0.004"/>
  <testcase classname="tk.mybatis.simple.mapper.UserMapperTest" name="testUpdateByIdSelective" time="0.039"/>
  <testcase classname="tk.mybatis.simple.mapper.UserMapperTest" name="testSelectUerPage" time="0.031"/>
</testsuite>